<?xml version="1.0" encoding="UTF-8"?>
<robot generator="Robot 3.1.1 (Python 3.7.2 on win32)" generated="20190507 15:20:21.628" rpa="false">
<suite id="s1" name="Demo app UAT" source="C:\Users\agupt155\Documents\O.F.F.I.C.I.A.L\Robot_Fraamework\Demo_App\Demo_app_UAT.robot">
<test id="s1-t1" name="001 - Successful Login">
<kw name="Open login page" library="Resources">
<kw name="Open Browser" library="SeleniumLibrary">
<doc>Opens a new browser instance to the given ``url``.</doc>
<arguments>
<arg>${Login_URL}</arg>
<arg>${Browser}</arg>
</arguments>
<msg timestamp="20190507 15:20:21.912" level="INFO">Opening browser 'chrome' to base url 'http://localhost:8080/'.</msg>
<status status="PASS" starttime="20190507 15:20:21.912" endtime="20190507 15:20:25.636"></status>
</kw>
<kw name="Click Element" library="SeleniumLibrary">
<doc>Click element identified by ``locator``.</doc>
<arguments>
<arg>//a[contains(@href,"/login")]</arg>
</arguments>
<msg timestamp="20190507 15:20:25.638" level="INFO">Clicking element '//a[contains(@href,"/login")]'.</msg>
<status status="PASS" starttime="20190507 15:20:25.637" endtime="20190507 15:20:25.838"></status>
</kw>
<status status="PASS" starttime="20190507 15:20:21.912" endtime="20190507 15:20:25.838"></status>
</kw>
<kw name="Enter Username" library="Resources">
<arguments>
<arg>abc</arg>
</arguments>
<kw name="Input Text" library="SeleniumLibrary">
<doc>Types the given ``text`` into text field identified by ``locator``.</doc>
<arguments>
<arg>//input[contains(@id,"username")]</arg>
<arg>${username}</arg>
</arguments>
<msg timestamp="20190507 15:20:25.839" level="INFO">Typing text 'abc' into text field '//input[contains(@id,"username")]'.</msg>
<status status="PASS" starttime="20190507 15:20:25.839" endtime="20190507 15:20:25.922"></status>
</kw>
<status status="PASS" starttime="20190507 15:20:25.838" endtime="20190507 15:20:25.922"></status>
</kw>
<kw name="Enter password" library="Resources">
<arguments>
<arg>abc</arg>
</arguments>
<kw name="Input Text" library="SeleniumLibrary">
<doc>Types the given ``text`` into text field identified by ``locator``.</doc>
<arguments>
<arg>//input[contains(@id,"password")]</arg>
<arg>${password}</arg>
</arguments>
<msg timestamp="20190507 15:20:25.923" level="INFO">Typing text 'abc' into text field '//input[contains(@id,"password")]'.</msg>
<status status="PASS" starttime="20190507 15:20:25.923" endtime="20190507 15:20:25.994"></status>
</kw>
<status status="PASS" starttime="20190507 15:20:25.922" endtime="20190507 15:20:25.994"></status>
</kw>
<kw name="Click login button" library="Resources">
<kw name="Click Button" library="SeleniumLibrary">
<doc>Clicks button identified by ``locator``.</doc>
<arguments>
<arg>//input[contains(@value,"Log In")]</arg>
</arguments>
<msg timestamp="20190507 15:20:25.994" level="INFO">Clicking button '//input[contains(@value,"Log In")]'.</msg>
<status status="PASS" starttime="20190507 15:20:25.994" endtime="20190507 15:20:26.370"></status>
</kw>
<status status="PASS" starttime="20190507 15:20:25.994" endtime="20190507 15:20:26.371"></status>
</kw>
<kw name="Login should be successful" library="Resources">
<kw name="Page Should Contain" library="SeleniumLibrary">
<doc>Verifies that current page contains ``text``.</doc>
<arguments>
<arg>User Information</arg>
</arguments>
<msg timestamp="20190507 15:20:26.389" level="INFO">Current page contains text 'User Information'.</msg>
<status status="PASS" starttime="20190507 15:20:26.371" endtime="20190507 15:20:26.389"></status>
</kw>
<status status="PASS" starttime="20190507 15:20:26.371" endtime="20190507 15:20:26.389"></status>
</kw>
<kw name="Close Browser" library="SeleniumLibrary" type="teardown">
<doc>Closes the current browser.</doc>
<status status="PASS" starttime="20190507 15:20:26.390" endtime="20190507 15:20:28.624"></status>
</kw>
<tags>
<tag>Login</tag>
</tags>
<status status="PASS" starttime="20190507 15:20:21.912" endtime="20190507 15:20:28.624" critical="yes"></status>
</test>
<test id="s1-t2" name="002 - Invalid password">
<kw name="Open login page" library="Resources">
<kw name="Open Browser" library="SeleniumLibrary">
<doc>Opens a new browser instance to the given ``url``.</doc>
<arguments>
<arg>${Login_URL}</arg>
<arg>${Browser}</arg>
</arguments>
<msg timestamp="20190507 15:20:28.624" level="INFO">Opening browser 'chrome' to base url 'http://localhost:8080/'.</msg>
<status status="PASS" starttime="20190507 15:20:28.624" endtime="20190507 15:20:32.348"></status>
</kw>
<kw name="Click Element" library="SeleniumLibrary">
<doc>Click element identified by ``locator``.</doc>
<arguments>
<arg>//a[contains(@href,"/login")]</arg>
</arguments>
<msg timestamp="20190507 15:20:32.348" level="INFO">Clicking element '//a[contains(@href,"/login")]'.</msg>
<status status="PASS" starttime="20190507 15:20:32.348" endtime="20190507 15:20:32.550"></status>
</kw>
<status status="PASS" starttime="20190507 15:20:28.624" endtime="20190507 15:20:32.550"></status>
</kw>
<kw name="Enter Username" library="Resources">
<arguments>
<arg>demo</arg>
</arguments>
<kw name="Input Text" library="SeleniumLibrary">
<doc>Types the given ``text`` into text field identified by ``locator``.</doc>
<arguments>
<arg>//input[contains(@id,"username")]</arg>
<arg>${username}</arg>
</arguments>
<msg timestamp="20190507 15:20:32.552" level="INFO">Typing text 'demo' into text field '//input[contains(@id,"username")]'.</msg>
<status status="PASS" starttime="20190507 15:20:32.551" endtime="20190507 15:20:32.646"></status>
</kw>
<status status="PASS" starttime="20190507 15:20:32.551" endtime="20190507 15:20:32.646"></status>
</kw>
<kw name="Enter password" library="Resources">
<arguments>
<arg>demoo</arg>
</arguments>
<kw name="Input Text" library="SeleniumLibrary">
<doc>Types the given ``text`` into text field identified by ``locator``.</doc>
<arguments>
<arg>//input[contains(@id,"password")]</arg>
<arg>${password}</arg>
</arguments>
<msg timestamp="20190507 15:20:32.647" level="INFO">Typing text 'demoo' into text field '//input[contains(@id,"password")]'.</msg>
<status status="PASS" starttime="20190507 15:20:32.647" endtime="20190507 15:20:32.704"></status>
</kw>
<status status="PASS" starttime="20190507 15:20:32.646" endtime="20190507 15:20:32.704"></status>
</kw>
<kw name="Click login button" library="Resources">
<kw name="Click Button" library="SeleniumLibrary">
<doc>Clicks button identified by ``locator``.</doc>
<arguments>
<arg>//input[contains(@value,"Log In")]</arg>
</arguments>
<msg timestamp="20190507 15:20:32.704" level="INFO">Clicking button '//input[contains(@value,"Log In")]'.</msg>
<status status="PASS" starttime="20190507 15:20:32.704" endtime="20190507 15:20:33.086"></status>
</kw>
<status status="PASS" starttime="20190507 15:20:32.704" endtime="20190507 15:20:33.086"></status>
</kw>
<kw name="Login should fail" library="Resources">
<kw name="Page Should Contain" library="SeleniumLibrary">
<doc>Verifies that current page contains ``text``.</doc>
<arguments>
<arg>Login Failure</arg>
</arguments>
<msg timestamp="20190507 15:20:33.100" level="INFO">Current page contains text 'Login Failure'.</msg>
<status status="PASS" starttime="20190507 15:20:33.086" endtime="20190507 15:20:33.100"></status>
</kw>
<status status="PASS" starttime="20190507 15:20:33.086" endtime="20190507 15:20:33.100"></status>
</kw>
<kw name="Close Browser" library="SeleniumLibrary" type="teardown">
<doc>Closes the current browser.</doc>
<status status="PASS" starttime="20190507 15:20:33.100" endtime="20190507 15:20:35.324"></status>
</kw>
<tags>
<tag>Login</tag>
</tags>
<status status="PASS" starttime="20190507 15:20:28.624" endtime="20190507 15:20:35.324" critical="yes"></status>
</test>
<test id="s1-t3" name="003 - Register new user">
<kw name="Open Registration page" library="Resources">
<kw name="Open Browser" library="SeleniumLibrary">
<doc>Opens a new browser instance to the given ``url``.</doc>
<arguments>
<arg>${Login_URL}</arg>
<arg>${Browser}</arg>
</arguments>
<msg timestamp="20190507 15:20:35.324" level="INFO">Opening browser 'chrome' to base url 'http://localhost:8080/'.</msg>
<status status="PASS" starttime="20190507 15:20:35.324" endtime="20190507 15:20:39.019"></status>
</kw>
<kw name="Click Element" library="SeleniumLibrary">
<doc>Click element identified by ``locator``.</doc>
<arguments>
<arg>//a[contains(@href,"/register")]</arg>
</arguments>
<msg timestamp="20190507 15:20:39.019" level="INFO">Clicking element '//a[contains(@href,"/register")]'.</msg>
<status status="PASS" starttime="20190507 15:20:39.019" endtime="20190507 15:20:39.222"></status>
</kw>
<status status="PASS" starttime="20190507 15:20:35.324" endtime="20190507 15:20:39.222"></status>
</kw>
<kw name="Enter Username" library="Resources">
<arguments>
<arg>xyz</arg>
</arguments>
<kw name="Input Text" library="SeleniumLibrary">
<doc>Types the given ``text`` into text field identified by ``locator``.</doc>
<arguments>
<arg>//input[contains(@id,"username")]</arg>
<arg>${username}</arg>
</arguments>
<msg timestamp="20190507 15:20:39.223" level="INFO">Typing text 'xyz' into text field '//input[contains(@id,"username")]'.</msg>
<status status="PASS" starttime="20190507 15:20:39.223" endtime="20190507 15:20:39.322"></status>
</kw>
<status status="PASS" starttime="20190507 15:20:39.222" endtime="20190507 15:20:39.322"></status>
</kw>
<kw name="Enter password" library="Resources">
<arguments>
<arg>xyz</arg>
</arguments>
<kw name="Input Text" library="SeleniumLibrary">
<doc>Types the given ``text`` into text field identified by ``locator``.</doc>
<arguments>
<arg>//input[contains(@id,"password")]</arg>
<arg>${password}</arg>
</arguments>
<msg timestamp="20190507 15:20:39.323" level="INFO">Typing text 'xyz' into text field '//input[contains(@id,"password")]'.</msg>
<status status="PASS" starttime="20190507 15:20:39.323" endtime="20190507 15:20:39.391"></status>
</kw>
<status status="PASS" starttime="20190507 15:20:39.322" endtime="20190507 15:20:39.391"></status>
</kw>
<kw name="Enter firstname" library="Resources">
<arguments>
<arg>xyz</arg>
</arguments>
<kw name="Input Text" library="SeleniumLibrary">
<doc>Types the given ``text`` into text field identified by ``locator``.</doc>
<arguments>
<arg>//input[contains(@id,"firstname")]</arg>
<arg>${firstname}</arg>
</arguments>
<msg timestamp="20190507 15:20:39.392" level="INFO">Typing text 'xyz' into text field '//input[contains(@id,"firstname")]'.</msg>
<status status="PASS" starttime="20190507 15:20:39.392" endtime="20190507 15:20:39.458"></status>
</kw>
<status status="PASS" starttime="20190507 15:20:39.392" endtime="20190507 15:20:39.458"></status>
</kw>
<kw name="Enter familyname" library="Resources">
<arguments>
<arg>xyz</arg>
</arguments>
<kw name="Input Text" library="SeleniumLibrary">
<doc>Types the given ``text`` into text field identified by ``locator``.</doc>
<arguments>
<arg>//input[contains(@id,"lastname")]</arg>
<arg>${familyname}</arg>
</arguments>
<msg timestamp="20190507 15:20:39.459" level="INFO">Typing text 'xyz' into text field '//input[contains(@id,"lastname")]'.</msg>
<status status="PASS" starttime="20190507 15:20:39.458" endtime="20190507 15:20:39.527"></status>
</kw>
<status status="PASS" starttime="20190507 15:20:39.458" endtime="20190507 15:20:39.527"></status>
</kw>
<kw name="Enter Phone" library="Resources">
<arguments>
<arg>12343423</arg>
</arguments>
<kw name="Input Text" library="SeleniumLibrary">
<doc>Types the given ``text`` into text field identified by ``locator``.</doc>
<arguments>
<arg>//input[contains(@id,"phone")]</arg>
<arg>${phone}</arg>
</arguments>
<msg timestamp="20190507 15:20:39.528" level="INFO">Typing text '12343423' into text field '//input[contains(@id,"phone")]'.</msg>
<status status="PASS" starttime="20190507 15:20:39.528" endtime="20190507 15:20:39.594"></status>
</kw>
<status status="PASS" starttime="20190507 15:20:39.528" endtime="20190507 15:20:39.594"></status>
</kw>
<kw name="Click Register button" library="Resources">
<kw name="Click Element" library="SeleniumLibrary">
<doc>Click element identified by ``locator``.</doc>
<arguments>
<arg>//input[contains(@value,"Register")]</arg>
</arguments>
<msg timestamp="20190507 15:20:39.594" level="INFO">Clicking element '//input[contains(@value,"Register")]'.</msg>
<status status="PASS" starttime="20190507 15:20:39.594" endtime="20190507 15:20:39.666"></status>
</kw>
<status status="PASS" starttime="20190507 15:20:39.594" endtime="20190507 15:20:39.666"></status>
</kw>
<kw name="Close Browser" library="SeleniumLibrary">
<doc>Closes the current browser.</doc>
<status status="PASS" starttime="20190507 15:20:39.666" endtime="20190507 15:20:41.901"></status>
</kw>
<kw name="Open login page" library="Resources">
<kw name="Open Browser" library="SeleniumLibrary">
<doc>Opens a new browser instance to the given ``url``.</doc>
<arguments>
<arg>${Login_URL}</arg>
<arg>${Browser}</arg>
</arguments>
<msg timestamp="20190507 15:20:41.901" level="INFO">Opening browser 'chrome' to base url 'http://localhost:8080/'.</msg>
<status status="PASS" starttime="20190507 15:20:41.901" endtime="20190507 15:20:45.540"></status>
</kw>
<kw name="Click Element" library="SeleniumLibrary">
<doc>Click element identified by ``locator``.</doc>
<arguments>
<arg>//a[contains(@href,"/login")]</arg>
</arguments>
<msg timestamp="20190507 15:20:45.541" level="INFO">Clicking element '//a[contains(@href,"/login")]'.</msg>
<status status="PASS" starttime="20190507 15:20:45.540" endtime="20190507 15:20:45.743"></status>
</kw>
<status status="PASS" starttime="20190507 15:20:41.901" endtime="20190507 15:20:45.743"></status>
</kw>
<kw name="Enter Username" library="Resources">
<arguments>
<arg>xyz</arg>
</arguments>
<kw name="Input Text" library="SeleniumLibrary">
<doc>Types the given ``text`` into text field identified by ``locator``.</doc>
<arguments>
<arg>//input[contains(@id,"username")]</arg>
<arg>${username}</arg>
</arguments>
<msg timestamp="20190507 15:20:45.748" level="INFO">Typing text 'xyz' into text field '//input[contains(@id,"username")]'.</msg>
<status status="PASS" starttime="20190507 15:20:45.745" endtime="20190507 15:20:45.834"></status>
</kw>
<status status="PASS" starttime="20190507 15:20:45.744" endtime="20190507 15:20:45.834"></status>
</kw>
<kw name="Enter password" library="Resources">
<arguments>
<arg>xyz</arg>
</arguments>
<kw name="Input Text" library="SeleniumLibrary">
<doc>Types the given ``text`` into text field identified by ``locator``.</doc>
<arguments>
<arg>//input[contains(@id,"password")]</arg>
<arg>${password}</arg>
</arguments>
<msg timestamp="20190507 15:20:45.835" level="INFO">Typing text 'xyz' into text field '//input[contains(@id,"password")]'.</msg>
<status status="PASS" starttime="20190507 15:20:45.835" endtime="20190507 15:20:45.902"></status>
</kw>
<status status="PASS" starttime="20190507 15:20:45.834" endtime="20190507 15:20:45.902"></status>
</kw>
<kw name="Click login button" library="Resources">
<kw name="Click Button" library="SeleniumLibrary">
<doc>Clicks button identified by ``locator``.</doc>
<arguments>
<arg>//input[contains(@value,"Log In")]</arg>
</arguments>
<msg timestamp="20190507 15:20:45.902" level="INFO">Clicking button '//input[contains(@value,"Log In")]'.</msg>
<status status="PASS" starttime="20190507 15:20:45.902" endtime="20190507 15:20:46.276"></status>
</kw>
<status status="PASS" starttime="20190507 15:20:45.902" endtime="20190507 15:20:46.276"></status>
</kw>
<kw name="Login should be successful" library="Resources">
<kw name="Page Should Contain" library="SeleniumLibrary">
<doc>Verifies that current page contains ``text``.</doc>
<arguments>
<arg>User Information</arg>
</arguments>
<msg timestamp="20190507 15:20:46.301" level="INFO">Current page contains text 'User Information'.</msg>
<status status="PASS" starttime="20190507 15:20:46.276" endtime="20190507 15:20:46.301"></status>
</kw>
<status status="PASS" starttime="20190507 15:20:46.276" endtime="20190507 15:20:46.301"></status>
</kw>
<kw name="Close Browser" library="SeleniumLibrary" type="teardown">
<doc>Closes the current browser.</doc>
<status status="PASS" starttime="20190507 15:20:46.301" endtime="20190507 15:20:48.533"></status>
</kw>
<tags>
<tag>User Registration</tag>
</tags>
<status status="PASS" starttime="20190507 15:20:35.324" endtime="20190507 15:20:48.533" critical="yes"></status>
</test>
<status status="PASS" starttime="20190507 15:20:21.628" endtime="20190507 15:20:48.533"></status>
</suite>
<statistics>
<total>
<stat pass="3" fail="0">Critical Tests</stat>
<stat pass="3" fail="0">All Tests</stat>
</total>
<tag>
<stat pass="2" fail="0">Login</stat>
<stat pass="1" fail="0">User Registration</stat>
</tag>
<suite>
<stat pass="3" fail="0" id="s1" name="Demo app UAT">Demo app UAT</stat>
</suite>
</statistics>
<errors>
</errors>
</robot>
